  main.cpp
c:\users\fordunaf\desktop\gpc\clase\poligonos3d\main.cpp(115): warning C4838: la conversión de 'double' en 'GLfloat' requiere una conversión de restricción
c:\users\fordunaf\desktop\gpc\clase\poligonos3d\main.cpp(115): warning C4305: 'inicializando': truncamiento de 'double' a 'GLfloat'
c:\users\fordunaf\desktop\gpc\clase\poligonos3d\main.cpp(129): warning C4018: '<': no coinciden signed/unsigned
c:\users\fordunaf\desktop\gpc\clase\poligonos3d\main.cpp(144): warning C4018: '<': no coinciden signed/unsigned
c:\users\fordunaf\desktop\gpc\clase\poligonos3d\main.cpp(156): warning C4018: '<': no coinciden signed/unsigned
c:\users\fordunaf\desktop\gpc\clase\poligonos3d\main.cpp(173): warning C4244: 'argumento': conversión de 'int' a 'GLfloat'; posible pérdida de datos
c:\users\fordunaf\desktop\gpc\clase\poligonos3d\main.cpp(175): warning C4305: 'argumento': truncamiento de 'double' a 'GLfloat'
c:\users\fordunaf\desktop\gpc\clase\poligonos3d\main.cpp(204): warning C4305: 'argumento': truncamiento de 'double' a 'GLfloat'
c:\users\fordunaf\desktop\gpc\clase\poligonos3d\main.cpp(214): warning C4305: 'argumento': truncamiento de 'double' a 'GLfloat'
c:\users\fordunaf\desktop\gpc\clase\poligonos3d\main.cpp(279): warning C4018: '<': no coinciden signed/unsigned
c:\users\fordunaf\desktop\gpc\clase\poligonos3d\main.cpp(297): warning C4018: '<': no coinciden signed/unsigned
c:\users\fordunaf\desktop\gpc\clase\poligonos3d\main.cpp(317): warning C4018: '<': no coinciden signed/unsigned
c:\users\fordunaf\desktop\gpc\clase\poligonos3d\main.cpp(390): warning C4244: '=': conversión de 'float' a 'int'; posible pérdida de datos
c:\users\fordunaf\desktop\gpc\clase\poligonos3d\main.cpp(391): warning C4244: '=': conversión de 'float' a 'int'; posible pérdida de datos
c:\users\fordunaf\desktop\gpc\clase\poligonos3d\main.cpp(396): warning C4244: 'argumento': conversión de 'int' a 'float'; posible pérdida de datos
c:\users\fordunaf\desktop\gpc\clase\poligonos3d\main.cpp(402): warning C4244: '=': conversión de 'float' a 'int'; posible pérdida de datos
c:\users\fordunaf\desktop\gpc\clase\poligonos3d\main.cpp(403): warning C4244: '=': conversión de 'float' a 'int'; posible pérdida de datos
c:\users\fordunaf\desktop\gpc\clase\poligonos3d\main.cpp(408): warning C4244: 'argumento': conversión de 'int' a 'float'; posible pérdida de datos
c:\users\fordunaf\desktop\gpc\clase\poligonos3d\main.cpp(413): warning C4244: '=': conversión de 'float' a 'int'; posible pérdida de datos
c:\users\fordunaf\desktop\gpc\clase\poligonos3d\main.cpp(414): warning C4244: '=': conversión de 'float' a 'int'; posible pérdida de datos
c:\users\fordunaf\desktop\gpc\clase\poligonos3d\main.cpp(419): warning C4244: 'argumento': conversión de 'int' a 'float'; posible pérdida de datos
c:\users\fordunaf\desktop\gpc\clase\poligonos3d\main.cpp(460): warning C4018: '<': no coinciden signed/unsigned
c:\users\fordunaf\desktop\gpc\clase\poligonos3d\main.cpp(466): warning C4018: '<': no coinciden signed/unsigned
c:\users\fordunaf\desktop\gpc\clase\poligonos3d\main.cpp(472): warning C4018: '<': no coinciden signed/unsigned
c:\users\fordunaf\desktop\gpc\clase\poligonos3d\main.cpp(481): warning C4018: '<': no coinciden signed/unsigned
c:\users\fordunaf\desktop\gpc\clase\poligonos3d\main.cpp(485): warning C4018: '<': no coinciden signed/unsigned
c:\users\fordunaf\desktop\gpc\clase\poligonos3d\main.cpp(489): warning C4018: '<': no coinciden signed/unsigned
c:\users\fordunaf\desktop\gpc\clase\poligonos3d\main.cpp(428): warning C4996: 'scanf': This function or variable may be unsafe. Consider using scanf_s instead. To disable deprecation, use _CRT_SECURE_NO_WARNINGS. See online help for details.
  c:\program files (x86)\windows kits\10\include\10.0.10240.0\ucrt\stdio.h(1270): note: vea la declaración de 'scanf'
c:\users\fordunaf\desktop\gpc\clase\poligonos3d\main.cpp(479): warning C4996: 'scanf': This function or variable may be unsafe. Consider using scanf_s instead. To disable deprecation, use _CRT_SECURE_NO_WARNINGS. See online help for details.
  c:\program files (x86)\windows kits\10\include\10.0.10240.0\ucrt\stdio.h(1270): note: vea la declaración de 'scanf'
  Poligonos3D.vcxproj -> C:\Users\FORDUNAF\Desktop\GPC\Clase\Poligonos3D\Debug\Poligonos3D.exe
  Poligonos3D.vcxproj -> C:\Users\FORDUNAF\Desktop\GPC\Clase\Poligonos3D\Debug\Poligonos3D.pdb (Full PDB)
